<html>
<head>
<title>TestNG:  Test1</title>
<link href="../testng.css" rel="stylesheet" type="text/css" />
<link href="../my-testng.css" rel="stylesheet" type="text/css" />

<style type="text/css">
.log { display: none;} 
.stack-trace { display: none;} 
</style>
<script type="text/javascript">
<!--
function flip(e) {
  current = e.style.display;
  if (current == 'block') {
    e.style.display = 'none';
    return 0;
  }
  else {
    e.style.display = 'block';
    return 1;
  }
}

function toggleBox(szDivId, elem, msg1, msg2)
{
  var res = -1;  if (document.getElementById) {
    res = flip(document.getElementById(szDivId));
  }
  else if (document.all) {
    // this is the way old msie versions work
    res = flip(document.all[szDivId]);
  }
  if(elem) {
    if(res == 0) elem.innerHTML = msg1; else elem.innerHTML = msg2;
  }

}

function toggleAllBoxes() {
  if (document.getElementsByTagName) {
    d = document.getElementsByTagName('div');
    for (i = 0; i < d.length; i++) {
      if (d[i].className == 'log') {
        flip(d[i]);
      }
    }
  }
}

// -->
</script>

</head>
<body>
<h2 align='center'>Test1</h2><table border='1' align="center">
<tr>
<td>Tests passed/Failed/Skipped:</td><td>22/5/0</td>
</tr><tr>
<td>Started on:</td><td>Tue Jun 27 16:30:24 IST 2017</td>
</tr>
<tr><td>Total time:</td><td>635 seconds (635609 ms)</td>
</tr><tr>
<td>Included groups:</td><td></td>
</tr><tr>
<td>Excluded groups:</td><td></td>
</tr>
</table><p/>
<small><i>(Hover the method name to see the test class name)</i></small><p/>
<table width='100%' border='1' class='invocation-failed'>
<tr><td colspan='4' align='center'><b>FAILED TESTS</b></td></tr>
<tr><td><b>Test method</b></td>
<td width="30%"><b>Exception</b></td>
<td width="10%"><b>Time (seconds)</b></td>
<td><b>Instance</b></td>
</tr>
<tr>
<td title='com.s3.TestCasesPhase2.Login.Test_Login_LoginBlank.LoginErrorMessage()'><b>LoginErrorMessage</b><br>Test class: com.s3.TestCasesPhase2.Login.Test_Login_LoginBlank<br>Parameters: , , Login Pass</td>
<td><div><pre>java.lang.AssertionError: expected [Pass] but found [Fail]
	at com.s3.TestCasesPhase2.Login.Test_Login_LoginBlank.LoginErrorMessage(Test_Login_LoginBlank.java:54)
... Removed 29 stack frames</pre></div><a href='#' onClick='toggleBox("stack-trace1094272405", this, "Click to show all stack frames", "Click to hide stack frames")'>Click to show all stack frames</a>
<div class='stack-trace' id='stack-trace1094272405'><pre>java.lang.AssertionError: expected [Pass] but found [Fail]
	at org.testng.Assert.fail(Assert.java:94)
	at org.testng.Assert.failNotEquals(Assert.java:496)
	at org.testng.Assert.assertEquals(Assert.java:125)
	at org.testng.Assert.assertEquals(Assert.java:178)
	at org.testng.Assert.assertEquals(Assert.java:188)
	at com.s3.TestCasesPhase2.Login.Test_Login_LoginBlank.LoginErrorMessage(Test_Login_LoginBlank.java:54)
	at sun.reflect.NativeMethodAccessorImpl.invoke0(Native Method)
	at sun.reflect.NativeMethodAccessorImpl.invoke(NativeMethodAccessorImpl.java:62)
	at sun.reflect.DelegatingMethodAccessorImpl.invoke(DelegatingMethodAccessorImpl.java:43)
	at java.lang.reflect.Method.invoke(Method.java:498)
	at org.testng.internal.MethodInvocationHelper.invokeMethod(MethodInvocationHelper.java:85)
	at org.testng.internal.Invoker.invokeMethod(Invoker.java:659)
	at org.testng.internal.Invoker.invokeTestMethod(Invoker.java:845)
	at org.testng.internal.Invoker.invokeTestMethods(Invoker.java:1153)
	at org.testng.internal.TestMethodWorker.invokeTestMethods(TestMethodWorker.java:125)
	at org.testng.internal.TestMethodWorker.run(TestMethodWorker.java:108)
	at org.testng.TestRunner.privateRun(TestRunner.java:771)
	at org.testng.TestRunner.run(TestRunner.java:621)
	at org.testng.SuiteRunner.runTest(SuiteRunner.java:357)
	at org.testng.SuiteRunner.runSequentially(SuiteRunner.java:352)
	at org.testng.SuiteRunner.privateRun(SuiteRunner.java:310)
	at org.testng.SuiteRunner.run(SuiteRunner.java:259)
	at org.testng.SuiteRunnerWorker.runSuite(SuiteRunnerWorker.java:52)
	at org.testng.SuiteRunnerWorker.run(SuiteRunnerWorker.java:86)
	at org.testng.TestNG.runSuitesSequentially(TestNG.java:1199)
	at org.testng.TestNG.runSuitesLocally(TestNG.java:1124)
	at org.testng.TestNG.run(TestNG.java:1032)
	at org.testng.remote.AbstractRemoteTestNG.run(AbstractRemoteTestNG.java:132)
	at org.testng.remote.RemoteTestNG.initAndRun(RemoteTestNG.java:230)
	at org.testng.remote.RemoteTestNG.main(RemoteTestNG.java:76)
</pre></div></td>
<td>1</td>
<td>com.s3.TestCasesPhase2.Login.Test_Login_LoginBlank@5f2108b5</td></tr>
<tr>
<td title='com.s3.TestCasesPhase2.Login.Test_Login_Logout.LoginErrorMessage()'><b>LoginErrorMessage</b><br>Test class: com.s3.TestCasesPhase2.Login.Test_Login_Logout<br>Parameters: anoops@astegic.com, anoop</td>
<td><div><pre>java.lang.AssertionError: expected [NA] but found [Pass]
	at com.s3.TestCasesPhase2.Login.Test_Login_Logout.LoginErrorMessage(Test_Login_Logout.java:65)
... Removed 29 stack frames</pre></div><a href='#' onClick='toggleBox("stack-trace1747721875", this, "Click to show all stack frames", "Click to hide stack frames")'>Click to show all stack frames</a>
<div class='stack-trace' id='stack-trace1747721875'><pre>java.lang.AssertionError: expected [NA] but found [Pass]
	at org.testng.Assert.fail(Assert.java:94)
	at org.testng.Assert.failNotEquals(Assert.java:496)
	at org.testng.Assert.assertEquals(Assert.java:125)
	at org.testng.Assert.assertEquals(Assert.java:178)
	at org.testng.Assert.assertEquals(Assert.java:188)
	at com.s3.TestCasesPhase2.Login.Test_Login_Logout.LoginErrorMessage(Test_Login_Logout.java:65)
	at sun.reflect.NativeMethodAccessorImpl.invoke0(Native Method)
	at sun.reflect.NativeMethodAccessorImpl.invoke(NativeMethodAccessorImpl.java:62)
	at sun.reflect.DelegatingMethodAccessorImpl.invoke(DelegatingMethodAccessorImpl.java:43)
	at java.lang.reflect.Method.invoke(Method.java:498)
	at org.testng.internal.MethodInvocationHelper.invokeMethod(MethodInvocationHelper.java:85)
	at org.testng.internal.Invoker.invokeMethod(Invoker.java:659)
	at org.testng.internal.Invoker.invokeTestMethod(Invoker.java:845)
	at org.testng.internal.Invoker.invokeTestMethods(Invoker.java:1153)
	at org.testng.internal.TestMethodWorker.invokeTestMethods(TestMethodWorker.java:125)
	at org.testng.internal.TestMethodWorker.run(TestMethodWorker.java:108)
	at org.testng.TestRunner.privateRun(TestRunner.java:771)
	at org.testng.TestRunner.run(TestRunner.java:621)
	at org.testng.SuiteRunner.runTest(SuiteRunner.java:357)
	at org.testng.SuiteRunner.runSequentially(SuiteRunner.java:352)
	at org.testng.SuiteRunner.privateRun(SuiteRunner.java:310)
	at org.testng.SuiteRunner.run(SuiteRunner.java:259)
	at org.testng.SuiteRunnerWorker.runSuite(SuiteRunnerWorker.java:52)
	at org.testng.SuiteRunnerWorker.run(SuiteRunnerWorker.java:86)
	at org.testng.TestNG.runSuitesSequentially(TestNG.java:1199)
	at org.testng.TestNG.runSuitesLocally(TestNG.java:1124)
	at org.testng.TestNG.run(TestNG.java:1032)
	at org.testng.remote.AbstractRemoteTestNG.run(AbstractRemoteTestNG.java:132)
	at org.testng.remote.RemoteTestNG.initAndRun(RemoteTestNG.java:230)
	at org.testng.remote.RemoteTestNG.main(RemoteTestNG.java:76)
</pre></div></td>
<td>33</td>
<td>com.s3.TestCasesPhase2.Login.Test_Login_Logout@27c20538</td></tr>
<tr>
<td title='com.s3.TestCasesPhase2.Login.Test_Login_ForgotPassword.LoginErrorMessage()'><b>LoginErrorMessage</b><br>Test class: com.s3.TestCasesPhase2.Login.Test_Login_ForgotPassword<br>Parameters: anoop@astegic.com, An email has been sent to you to reset your password</td>
<td><div><pre>java.lang.AssertionError: expected [Pass] but found [Fail]
	at com.s3.TestCasesPhase2.Login.Test_Login_ForgotPassword.LoginErrorMessage(Test_Login_ForgotPassword.java:53)
... Removed 29 stack frames</pre></div><a href='#' onClick='toggleBox("stack-trace939391749", this, "Click to show all stack frames", "Click to hide stack frames")'>Click to show all stack frames</a>
<div class='stack-trace' id='stack-trace939391749'><pre>java.lang.AssertionError: expected [Pass] but found [Fail]
	at org.testng.Assert.fail(Assert.java:94)
	at org.testng.Assert.failNotEquals(Assert.java:496)
	at org.testng.Assert.assertEquals(Assert.java:125)
	at org.testng.Assert.assertEquals(Assert.java:178)
	at org.testng.Assert.assertEquals(Assert.java:188)
	at com.s3.TestCasesPhase2.Login.Test_Login_ForgotPassword.LoginErrorMessage(Test_Login_ForgotPassword.java:53)
	at sun.reflect.NativeMethodAccessorImpl.invoke0(Native Method)
	at sun.reflect.NativeMethodAccessorImpl.invoke(NativeMethodAccessorImpl.java:62)
	at sun.reflect.DelegatingMethodAccessorImpl.invoke(DelegatingMethodAccessorImpl.java:43)
	at java.lang.reflect.Method.invoke(Method.java:498)
	at org.testng.internal.MethodInvocationHelper.invokeMethod(MethodInvocationHelper.java:85)
	at org.testng.internal.Invoker.invokeMethod(Invoker.java:659)
	at org.testng.internal.Invoker.invokeTestMethod(Invoker.java:845)
	at org.testng.internal.Invoker.invokeTestMethods(Invoker.java:1153)
	at org.testng.internal.TestMethodWorker.invokeTestMethods(TestMethodWorker.java:125)
	at org.testng.internal.TestMethodWorker.run(TestMethodWorker.java:108)
	at org.testng.TestRunner.privateRun(TestRunner.java:771)
	at org.testng.TestRunner.run(TestRunner.java:621)
	at org.testng.SuiteRunner.runTest(SuiteRunner.java:357)
	at org.testng.SuiteRunner.runSequentially(SuiteRunner.java:352)
	at org.testng.SuiteRunner.privateRun(SuiteRunner.java:310)
	at org.testng.SuiteRunner.run(SuiteRunner.java:259)
	at org.testng.SuiteRunnerWorker.runSuite(SuiteRunnerWorker.java:52)
	at org.testng.SuiteRunnerWorker.run(SuiteRunnerWorker.java:86)
	at org.testng.TestNG.runSuitesSequentially(TestNG.java:1199)
	at org.testng.TestNG.runSuitesLocally(TestNG.java:1124)
	at org.testng.TestNG.run(TestNG.java:1032)
	at org.testng.remote.AbstractRemoteTestNG.run(AbstractRemoteTestNG.java:132)
	at org.testng.remote.RemoteTestNG.initAndRun(RemoteTestNG.java:230)
	at org.testng.remote.RemoteTestNG.main(RemoteTestNG.java:76)
</pre></div></td>
<td>2</td>
<td>com.s3.TestCasesPhase2.Login.Test_Login_ForgotPassword@1e397ed7</td></tr>
<tr>
<td title='com.s3.TestCasesPhase2.Login.Test_Login_ValidLogin.LoginTest()'><b>LoginTest</b><br>Test class: com.s3.TestCasesPhase2.Login.Test_Login_ValidLogin<br>Parameters: anoops@astegic.com, pcpc</td>
<td><div><pre>java.lang.AssertionError: expected [Pass] but found [Fail]
	at com.s3.TestCasesPhase2.Login.Test_Login_ValidLogin.LoginTest(Test_Login_ValidLogin.java:52)
... Removed 29 stack frames</pre></div><a href='#' onClick='toggleBox("stack-trace951677655", this, "Click to show all stack frames", "Click to hide stack frames")'>Click to show all stack frames</a>
<div class='stack-trace' id='stack-trace951677655'><pre>java.lang.AssertionError: expected [Pass] but found [Fail]
	at org.testng.Assert.fail(Assert.java:94)
	at org.testng.Assert.failNotEquals(Assert.java:496)
	at org.testng.Assert.assertEquals(Assert.java:125)
	at org.testng.Assert.assertEquals(Assert.java:178)
	at org.testng.Assert.assertEquals(Assert.java:188)
	at com.s3.TestCasesPhase2.Login.Test_Login_ValidLogin.LoginTest(Test_Login_ValidLogin.java:52)
	at sun.reflect.NativeMethodAccessorImpl.invoke0(Native Method)
	at sun.reflect.NativeMethodAccessorImpl.invoke(NativeMethodAccessorImpl.java:62)
	at sun.reflect.DelegatingMethodAccessorImpl.invoke(DelegatingMethodAccessorImpl.java:43)
	at java.lang.reflect.Method.invoke(Method.java:498)
	at org.testng.internal.MethodInvocationHelper.invokeMethod(MethodInvocationHelper.java:85)
	at org.testng.internal.Invoker.invokeMethod(Invoker.java:659)
	at org.testng.internal.Invoker.invokeTestMethod(Invoker.java:845)
	at org.testng.internal.Invoker.invokeTestMethods(Invoker.java:1153)
	at org.testng.internal.TestMethodWorker.invokeTestMethods(TestMethodWorker.java:125)
	at org.testng.internal.TestMethodWorker.run(TestMethodWorker.java:108)
	at org.testng.TestRunner.privateRun(TestRunner.java:771)
	at org.testng.TestRunner.run(TestRunner.java:621)
	at org.testng.SuiteRunner.runTest(SuiteRunner.java:357)
	at org.testng.SuiteRunner.runSequentially(SuiteRunner.java:352)
	at org.testng.SuiteRunner.privateRun(SuiteRunner.java:310)
	at org.testng.SuiteRunner.run(SuiteRunner.java:259)
	at org.testng.SuiteRunnerWorker.runSuite(SuiteRunnerWorker.java:52)
	at org.testng.SuiteRunnerWorker.run(SuiteRunnerWorker.java:86)
	at org.testng.TestNG.runSuitesSequentially(TestNG.java:1199)
	at org.testng.TestNG.runSuitesLocally(TestNG.java:1124)
	at org.testng.TestNG.run(TestNG.java:1032)
	at org.testng.remote.AbstractRemoteTestNG.run(AbstractRemoteTestNG.java:132)
	at org.testng.remote.RemoteTestNG.initAndRun(RemoteTestNG.java:230)
	at org.testng.remote.RemoteTestNG.main(RemoteTestNG.java:76)
</pre></div></td>
<td>31</td>
<td>com.s3.TestCasesPhase2.Login.Test_Login_ValidLogin@e45f292</td></tr>
<tr>
<td title='com.s3.TestCasesPhase2.Login.Test_Login_LoginPageURL.LoginpageURLVerification()'><b>LoginpageURLVerification</b><br>Test class: com.s3.TestCasesPhase2.Login.Test_Login_LoginPageURL<br>Parameters: www.gmail.com</td>
<td><div><pre>java.lang.AssertionError: expected [Pass] but found [Fail]
	at com.s3.TestCasesPhase2.Login.Test_Login_LoginPageURL.LoginpageURLVerification(Test_Login_LoginPageURL.java:50)
... Removed 29 stack frames</pre></div><a href='#' onClick='toggleBox("stack-trace1624817884", this, "Click to show all stack frames", "Click to hide stack frames")'>Click to show all stack frames</a>
<div class='stack-trace' id='stack-trace1624817884'><pre>java.lang.AssertionError: expected [Pass] but found [Fail]
	at org.testng.Assert.fail(Assert.java:94)
	at org.testng.Assert.failNotEquals(Assert.java:496)
	at org.testng.Assert.assertEquals(Assert.java:125)
	at org.testng.Assert.assertEquals(Assert.java:178)
	at org.testng.Assert.assertEquals(Assert.java:188)
	at com.s3.TestCasesPhase2.Login.Test_Login_LoginPageURL.LoginpageURLVerification(Test_Login_LoginPageURL.java:50)
	at sun.reflect.NativeMethodAccessorImpl.invoke0(Native Method)
	at sun.reflect.NativeMethodAccessorImpl.invoke(NativeMethodAccessorImpl.java:62)
	at sun.reflect.DelegatingMethodAccessorImpl.invoke(DelegatingMethodAccessorImpl.java:43)
	at java.lang.reflect.Method.invoke(Method.java:498)
	at org.testng.internal.MethodInvocationHelper.invokeMethod(MethodInvocationHelper.java:85)
	at org.testng.internal.Invoker.invokeMethod(Invoker.java:659)
	at org.testng.internal.Invoker.invokeTestMethod(Invoker.java:845)
	at org.testng.internal.Invoker.invokeTestMethods(Invoker.java:1153)
	at org.testng.internal.TestMethodWorker.invokeTestMethods(TestMethodWorker.java:125)
	at org.testng.internal.TestMethodWorker.run(TestMethodWorker.java:108)
	at org.testng.TestRunner.privateRun(TestRunner.java:771)
	at org.testng.TestRunner.run(TestRunner.java:621)
	at org.testng.SuiteRunner.runTest(SuiteRunner.java:357)
	at org.testng.SuiteRunner.runSequentially(SuiteRunner.java:352)
	at org.testng.SuiteRunner.privateRun(SuiteRunner.java:310)
	at org.testng.SuiteRunner.run(SuiteRunner.java:259)
	at org.testng.SuiteRunnerWorker.runSuite(SuiteRunnerWorker.java:52)
	at org.testng.SuiteRunnerWorker.run(SuiteRunnerWorker.java:86)
	at org.testng.TestNG.runSuitesSequentially(TestNG.java:1199)
	at org.testng.TestNG.runSuitesLocally(TestNG.java:1124)
	at org.testng.TestNG.run(TestNG.java:1032)
	at org.testng.remote.AbstractRemoteTestNG.run(AbstractRemoteTestNG.java:132)
	at org.testng.remote.RemoteTestNG.initAndRun(RemoteTestNG.java:230)
	at org.testng.remote.RemoteTestNG.main(RemoteTestNG.java:76)
</pre></div></td>
<td>0</td>
<td>com.s3.TestCasesPhase2.Login.Test_Login_LoginPageURL@73ad2d6</td></tr>
</table><p>
<table width='100%' border='1' class='invocation-passed'>
<tr><td colspan='4' align='center'><b>PASSED TESTS</b></td></tr>
<tr><td><b>Test method</b></td>
<td width="30%"><b>Exception</b></td>
<td width="10%"><b>Time (seconds)</b></td>
<td><b>Instance</b></td>
</tr>
<tr>
<td title='com.s3.TestCasesPhase2.Login.Test_Login_LoginBlank.LoginErrorMessage()'><b>LoginErrorMessage</b><br>Test class: com.s3.TestCasesPhase2.Login.Test_Login_LoginBlank<br>Parameters: , , Login Failed</td>
<td></td>
<td>1</td>
<td>com.s3.TestCasesPhase2.Login.Test_Login_LoginBlank@5f2108b5</td></tr>
<tr>
<td title='com.s3.TestCasesPhase2.Login.Test_Login_LoginBlank.LoginErrorMessage()'><b>LoginErrorMessage</b><br>Test class: com.s3.TestCasesPhase2.Login.Test_Login_LoginBlank<br>Parameters: , , Login Failed</td>
<td></td>
<td>1</td>
<td>com.s3.TestCasesPhase2.Login.Test_Login_LoginBlank@5f2108b5</td></tr>
<tr>
<td title='com.s3.TestCasesPhase2.Login.Test_Login_InvalidLogin.LoginErrorMessage()'><b>LoginErrorMessage</b><br>Test class: com.s3.TestCasesPhase2.Login.Test_Login_InvalidLogin<br>Parameters: prakash.chand@dublabs.com, pcpc1, Login Failed</td>
<td></td>
<td>3</td>
<td>com.s3.TestCasesPhase2.Login.Test_Login_InvalidLogin@3f49dace</td></tr>
<tr>
<td title='com.s3.TestCasesPhase2.Login.Test_Login_InvalidLogin.LoginErrorMessage()'><b>LoginErrorMessage</b><br>Test class: com.s3.TestCasesPhase2.Login.Test_Login_InvalidLogin<br>Parameters: anoops@astegic.com, anoop, Login pass</td>
<td></td>
<td>3</td>
<td>com.s3.TestCasesPhase2.Login.Test_Login_InvalidLogin@3f49dace</td></tr>
<tr>
<td title='com.s3.TestCasesPhase2.Login.Test_Login_InvalidLogin.LoginErrorMessage()'><b>LoginErrorMessage</b><br>Test class: com.s3.TestCasesPhase2.Login.Test_Login_InvalidLogin<br>Parameters: Anoop@gmail.com, anoop, Login Failed</td>
<td></td>
<td>3</td>
<td>com.s3.TestCasesPhase2.Login.Test_Login_InvalidLogin@3f49dace</td></tr>
<tr>
<td title='com.s3.TestCasesPhase2.Login.Test_Login_Logout.LoginErrorMessage()'><b>LoginErrorMessage</b><br>Test class: com.s3.TestCasesPhase2.Login.Test_Login_Logout<br>Parameters: prakash.chand@dublabs.com, pcpc</td>
<td></td>
<td>6</td>
<td>com.s3.TestCasesPhase2.Login.Test_Login_Logout@27c20538</td></tr>
<tr>
<td title='com.s3.TestCasesPhase2.Login.Test_Login_ForgotPassword_UI.LoginErrorMessage()'><b>LoginErrorMessage</b><br>Test class: com.s3.TestCasesPhase2.Login.Test_Login_ForgotPassword_UI</td>
<td></td>
<td>1</td>
<td>com.s3.TestCasesPhase2.Login.Test_Login_ForgotPassword_UI@598067a5</td></tr>
<tr>
<td title='com.s3.TestCasesPhase2.Login.Test_Login_ForgotPassword.LoginErrorMessage()'><b>LoginErrorMessage</b><br>Test class: com.s3.TestCasesPhase2.Login.Test_Login_ForgotPassword<br>Parameters: prakash.chand@dublabs.com, An email has been sent to you to reset your password.</td>
<td></td>
<td>2</td>
<td>com.s3.TestCasesPhase2.Login.Test_Login_ForgotPassword@1e397ed7</td></tr>
<tr>
<td title='com.s3.TestCasesPhase2.Login.Test_Login_ForgotPasswordDismiss.LoginErrorMessage()'><b>LoginErrorMessage</b><br>Test class: com.s3.TestCasesPhase2.Login.Test_Login_ForgotPasswordDismiss</td>
<td></td>
<td>30</td>
<td>com.s3.TestCasesPhase2.Login.Test_Login_ForgotPasswordDismiss@31a5c39e</td></tr>
<tr>
<td title='com.s3.TestCasesPhase2.Login.Test_Login_LoginPageElementVerification.LoginPageVerification()'><b>LoginPageVerification</b><br>Test class: com.s3.TestCasesPhase2.Login.Test_Login_LoginPageElementVerification</td>
<td></td>
<td>1</td>
<td>com.s3.TestCasesPhase2.Login.Test_Login_LoginPageElementVerification@1ce92674</td></tr>
<tr>
<td title='com.s3.TestCasesPhase2.Login.Test_Login_ValidLogin.LoginTest()'><b>LoginTest</b><br>Test class: com.s3.TestCasesPhase2.Login.Test_Login_ValidLogin<br>Parameters: prakash.chand@dublabs.com, pcpc</td>
<td></td>
<td>6</td>
<td>com.s3.TestCasesPhase2.Login.Test_Login_ValidLogin@e45f292</td></tr>
<tr>
<td title='com.s3.TestCasesPhase2.Login.Test_Login_ValidLogin.LoginTest()'><b>LoginTest</b><br>Test class: com.s3.TestCasesPhase2.Login.Test_Login_ValidLogin<br>Parameters: prakash.chand@dublabs.com, pcpc</td>
<td></td>
<td>7</td>
<td>com.s3.TestCasesPhase2.Login.Test_Login_ValidLogin@e45f292</td></tr>
<tr>
<td title='com.s3.TestCasesPhase2.Login.Test_Login_Roles.LoginTest()'><b>LoginTest</b><br>Test class: com.s3.TestCasesPhase2.Login.Test_Login_Roles<br>Parameters: rkapil@astegic.com, test, Dub admin, All</td>
<td></td>
<td>39</td>
<td>com.s3.TestCasesPhase2.Login.Test_Login_Roles@7085bdee</td></tr>
<tr>
<td title='com.s3.TestCasesPhase2.Login.Test_Login_Roles.LoginTest()'><b>LoginTest</b><br>Test class: com.s3.TestCasesPhase2.Login.Test_Login_Roles<br>Parameters: rkapil+betapart1@astegic.com, test, Partner admin, Reports</td>
<td></td>
<td>30</td>
<td>com.s3.TestCasesPhase2.Login.Test_Login_Roles@7085bdee</td></tr>
<tr>
<td title='com.s3.TestCasesPhase2.Login.Test_Login_Roles.LoginTest()'><b>LoginTest</b><br>Test class: com.s3.TestCasesPhase2.Login.Test_Login_Roles<br>Parameters: rkapil+betaclient@astegic.com, test, Client admin, Branding</td>
<td></td>
<td>20</td>
<td>com.s3.TestCasesPhase2.Login.Test_Login_Roles@7085bdee</td></tr>
<tr>
<td title='com.s3.TestCasesPhase2.Login.Test_Login_Roles.LoginTest()'><b>LoginTest</b><br>Test class: com.s3.TestCasesPhase2.Login.Test_Login_Roles<br>Parameters: rkapil+betapart@astegic.com, test, Partner admin, View-Only</td>
<td></td>
<td>38</td>
<td>com.s3.TestCasesPhase2.Login.Test_Login_Roles@7085bdee</td></tr>
<tr>
<td title='com.s3.TestCasesPhase2.Login.Test_Login_Roles.LoginTest()'><b>LoginTest</b><br>Test class: com.s3.TestCasesPhase2.Login.Test_Login_Roles<br>Parameters: prakash.chand@dublabs.com, pcpc, Dub admin, All</td>
<td></td>
<td>70</td>
<td>com.s3.TestCasesPhase2.Login.Test_Login_Roles@7085bdee</td></tr>
<tr>
<td title='com.s3.TestCasesPhase2.Login.Test_Login_LoginPageURL.LoginpageURLVerification()'><b>LoginpageURLVerification</b><br>Test class: com.s3.TestCasesPhase2.Login.Test_Login_LoginPageURL<br>Parameters: https://cloud-test.dublabs.com/s3/</td>
<td></td>
<td>0</td>
<td>com.s3.TestCasesPhase2.Login.Test_Login_LoginPageURL@73ad2d6</td></tr>
<tr>
<td title='com.s3.TestCasesPhase2.Login.Test_login_RememberMe.TestRememberme()'><b>TestRememberme</b><br>Test class: com.s3.TestCasesPhase2.Login.Test_login_RememberMe<br>Parameters: prakash.chand@dublabs.com, pcpc, Yes</td>
<td></td>
<td>22</td>
<td>com.s3.TestCasesPhase2.Login.Test_login_RememberMe@490ab905</td></tr>
<tr>
<td title='com.s3.TestCasesPhase2.Login.Test_login_RememberMe.TestRememberme()'><b>TestRememberme</b><br>Test class: com.s3.TestCasesPhase2.Login.Test_login_RememberMe<br>Parameters: rkapil@astegic.com, test, No</td>
<td></td>
<td>17</td>
<td>com.s3.TestCasesPhase2.Login.Test_login_RememberMe@490ab905</td></tr>
<tr>
<td title='com.s3.TestCasesPhase2.Login.Test_login_RememberMe.TestRememberme()'><b>TestRememberme</b><br>Test class: com.s3.TestCasesPhase2.Login.Test_login_RememberMe<br>Parameters: rkapil+betaclient@astegic.com, test, Yes</td>
<td></td>
<td>35</td>
<td>com.s3.TestCasesPhase2.Login.Test_login_RememberMe@490ab905</td></tr>
<tr>
<td title='com.s3.TestCasesPhase2.Login.Test_login_RememberMe.TestRememberme()'><b>TestRememberme</b><br>Test class: com.s3.TestCasesPhase2.Login.Test_login_RememberMe<br>Parameters: rkapil+betapart@astegic.com, test, No</td>
<td></td>
<td>21</td>
<td>com.s3.TestCasesPhase2.Login.Test_login_RememberMe@490ab905</td></tr>
</table><p>
</body>
</html>