<?xml version="1.0" encoding="UTF-8"?>
<!-- Generated by org.testng.reporters.JUnitXMLReporter -->
<testsuite hostname="MacMini01.local" name="Test" tests="41" failures="7" timestamp="22 Sep 2017 11:33:02 GMT" time="4685.732" errors="0">
  <testcase name="@AfterMethod close" time="0.0" classname="com.s3.testCases.TCAddCoursesModule">
    <failure type="org.openqa.selenium.WebDriverException" message="unknown error: Element &amp;lt;a id=&amp;quot;logoutBtn&amp;quot;&amp;gt;...&amp;lt;/a&amp;gt; is not clickable at point (1085, 40). Other element would receive the click: &amp;lt;div class=&amp;quot;modal-dialog&amp;quot; id=&amp;quot;popup&amp;quot; style=&amp;quot;opacity: 1;&amp;quot;&amp;gt;...&amp;lt;/div&amp;gt;
  (Session info: chrome=60.0.3112.113)
  (Driver info: chromedriver=2.29.461585 (0be2cd95f834e9ee7c46bcc7cf405b483f5ae83b),platform=Mac OS X 10.12.3 x86_64) (WARNING: The server did not provide any stacktrace information)
Command duration or timeout: 83 milliseconds
Build info: version: &amp;apos;2.53.1&amp;apos;, revision: &amp;apos;a36b8b1cd5757287168e54b817830adce9b0158d&amp;apos;, time: &amp;apos;2016-06-30 19:26:09&amp;apos;
System info: host: &amp;apos;MacMini01.local&amp;apos;, ip: &amp;apos;192.168.1.117&amp;apos;, os.name: &amp;apos;Mac OS X&amp;apos;, os.arch: &amp;apos;x86_64&amp;apos;, os.version: &amp;apos;10.12.3&amp;apos;, java.version: &amp;apos;1.8.0_121&amp;apos;
Driver info: org.openqa.selenium.chrome.ChromeDriver
Capabilities [{applicationCacheEnabled=false, rotatable=false, mobileEmulationEnabled=false, networkConnectionEnabled=false, chrome={chromedriverVersion=2.29.461585 (0be2cd95f834e9ee7c46bcc7cf405b483f5ae83b), userDataDir=/var/folders/q4/l5nzj80j61g2fg9h2vjh1l340000gq/T/.org.chromium.Chromium.oMP9qM}, takesHeapSnapshot=true, pageLoadStrategy=normal, databaseEnabled=false, handlesAlerts=true, hasTouchScreen=false, version=60.0.3112.113, platform=MAC, browserConnectionEnabled=false, nativeEvents=true, acceptSslCerts=true, locationContextEnabled=true, webStorageEnabled=true, browserName=chrome, takesScreenshot=true, javascriptEnabled=true, cssSelectorsEnabled=true, unexpectedAlertBehaviour=}]
Session ID: 519ac2267e466a186f3328ee19066228">
      <![CDATA[org.openqa.selenium.WebDriverException: unknown error: Element <a id="logoutBtn">...</a> is not clickable at point (1085, 40). Other element would receive the click: <div class="modal-dialog" id="popup" style="opacity: 1;">...</div>
  (Session info: chrome=60.0.3112.113)
  (Driver info: chromedriver=2.29.461585 (0be2cd95f834e9ee7c46bcc7cf405b483f5ae83b),platform=Mac OS X 10.12.3 x86_64) (WARNING: The server did not provide any stacktrace information)
Command duration or timeout: 83 milliseconds
Build info: version: '2.53.1', revision: 'a36b8b1cd5757287168e54b817830adce9b0158d', time: '2016-06-30 19:26:09'
System info: host: 'MacMini01.local', ip: '192.168.1.117', os.name: 'Mac OS X', os.arch: 'x86_64', os.version: '10.12.3', java.version: '1.8.0_121'
Driver info: org.openqa.selenium.chrome.ChromeDriver
Capabilities [{applicationCacheEnabled=false, rotatable=false, mobileEmulationEnabled=false, networkConnectionEnabled=false, chrome={chromedriverVersion=2.29.461585 (0be2cd95f834e9ee7c46bcc7cf405b483f5ae83b), userDataDir=/var/folders/q4/l5nzj80j61g2fg9h2vjh1l340000gq/T/.org.chromium.Chromium.oMP9qM}, takesHeapSnapshot=true, pageLoadStrategy=normal, databaseEnabled=false, handlesAlerts=true, hasTouchScreen=false, version=60.0.3112.113, platform=MAC, browserConnectionEnabled=false, nativeEvents=true, acceptSslCerts=true, locationContextEnabled=true, webStorageEnabled=true, browserName=chrome, takesScreenshot=true, javascriptEnabled=true, cssSelectorsEnabled=true, unexpectedAlertBehaviour=}]
Session ID: 519ac2267e466a186f3328ee19066228
	at org.openqa.selenium.remote.ErrorHandler.createThrowable(ErrorHandler.java:206)
	at org.openqa.selenium.remote.ErrorHandler.throwIfResponseFailed(ErrorHandler.java:158)
	at org.openqa.selenium.remote.RemoteWebDriver.execute(RemoteWebDriver.java:678)
	at org.openqa.selenium.remote.RemoteWebElement.execute(RemoteWebElement.java:327)
	at org.openqa.selenium.remote.RemoteWebElement.click(RemoteWebElement.java:85)
	at org.openqa.selenium.support.pagefactory.internal.LocatingElementHandler.invoke(LocatingElementHandler.java:51)
	at com.sun.proxy.$Proxy7.click(Unknown Source)
	at com.s3.businessLogic.Login.logout(Login.java:120)
	at com.s3.testCases.TCAddCoursesModule.close(TCAddCoursesModule.java:86)
... Removed 33 stack frames]]>
    </failure>
  </testcase> <!-- @AfterMethod close -->
  <testcase name="@BeforeMethod loginConfiguration" time="0.0" classname="com.s3.testCases.TCAddCoursesModule">
    <skipped/>
  </testcase> <!-- @BeforeMethod loginConfiguration -->
  <testcase name="@AfterMethod close" time="0.0" classname="com.s3.testCases.TCAddCoursesModule">
    <skipped/>
  </testcase> <!-- @AfterMethod close -->
  <testcase name="addWebModule" time="130.615" classname="com.s3.testCases.TCAddWebModules"/>
  <testcase name="AddAppModule" time="128.864" classname="com.s3.testCases.TCAddAppModule"/>
  <testcase name="addBurserModule" time="77.574" classname="com.s3.testCases.TCAddBurserModule"/>
  <testcase name="AddCoursesModule" time="95.06" classname="com.s3.testCases.TCAddCoursesModule">
    <failure type="java.lang.AssertionError" message="expected [true] but found [false]">
      <![CDATA[java.lang.AssertionError: expected [true] but found [false]
	at com.s3.testCases.TCAddCoursesModule.AddCoursesModule(TCAddCoursesModule.java:74)
... Removed 28 stack frames]]>
    </failure>
  </testcase> <!-- AddCoursesModule -->
  <testcase name="AddCoursesModule" time="0.001" classname="com.s3.testCases.TCAddCoursesModule">
    <skipped/>
  </testcase> <!-- AddCoursesModule -->
  <testcase name="AddDiningHallModule" time="121.916" classname="com.s3.testCases.TCAddDiningHallModule"/>
  <testcase name="AddDirectory" time="122.148" classname="com.s3.testCases.TCAddDirectoryModule"/>
  <testcase name="AddEmergencyModule" time="149.215" classname="com.s3.testCases.TCAddEmergencyModule"/>
  <testcase name="AddEventModule" time="97.768" classname="com.s3.testCases.TCAddEventsModule">
    <failure type="java.lang.AssertionError" message="expected [true] but found [false]">
      <![CDATA[java.lang.AssertionError: expected [true] but found [false]
	at com.s3.testCases.TCAddEventsModule.AddEventModule(TCAddEventsModule.java:76)
... Removed 28 stack frames]]>
    </failure>
  </testcase> <!-- AddEventModule -->
  <testcase name="AddEventModule" time="75.561" classname="com.s3.testCases.TCAddEventsModule"/>
  <testcase name="AddImageGalleryModule" time="127.122" classname="com.s3.testCases.TCAddImageGalleryModule"/>
  <testcase name="addMapModule" time="131.367" classname="com.s3.testCases.TCAddMapsModule"/>
  <testcase name="addAdmittedlyModule" time="146.626" classname="com.s3.testCases.TCAddAdmittedlyModule"/>
  <testcase name="addNewsVideoSportsModule" time="118.436" classname="com.s3.testCases.TCAddNewsModule"/>
  <testcase name="addNewsVideoSportsModule" time="117.991" classname="com.s3.testCases.TCAddVideosModule"/>
  <testcase name="addNewsVideoSportsModule" time="116.318" classname="com.s3.testCases.TCAddSportsModule"/>
  <testcase name="addNewPeopleSoftModule" time="63.167" classname="com.s3.testCases.TCAddPeopleSoftModule">
    <failure type="java.lang.AssertionError" message="expected [true] but found [false]">
      <![CDATA[java.lang.AssertionError: expected [true] but found [false]
	at com.s3.testCases.TCAddPeopleSoftModule.addNewPeopleSoftModule(TCAddPeopleSoftModule.java:76)
... Removed 28 stack frames]]>
    </failure>
  </testcase> <!-- addNewPeopleSoftModule -->
  <testcase name="addNewPeopleSoftModule" time="63.414" classname="com.s3.testCases.TCAddPeopleSoftModule">
    <failure type="java.lang.AssertionError" message="expected [true] but found [false]">
      <![CDATA[java.lang.AssertionError: expected [true] but found [false]
	at com.s3.testCases.TCAddPeopleSoftModule.addNewPeopleSoftModule(TCAddPeopleSoftModule.java:76)
... Removed 28 stack frames]]>
    </failure>
  </testcase> <!-- addNewPeopleSoftModule -->
  <testcase name="addNewPeopleSoftModule" time="59.035" classname="com.s3.testCases.TCAddPeopleSoftModule">
    <failure type="java.lang.AssertionError" message="expected [true] but found [false]">
      <![CDATA[java.lang.AssertionError: expected [true] but found [false]
	at com.s3.testCases.TCAddPeopleSoftModule.addNewPeopleSoftModule(TCAddPeopleSoftModule.java:76)
... Removed 28 stack frames]]>
    </failure>
  </testcase> <!-- addNewPeopleSoftModule -->
  <testcase name="addNewRSSModule" time="115.176" classname="com.s3.testCases.TCAddRSSModules"/>
  <testcase name="style" time="39.505" classname="com.s3.testCases.TCStyle"/>
  <testcase name="settingsData" time="127.784" classname="com.s3.testCases.TCSettings"/>
  <testcase name="Info" time="108.695" classname="com.s3.testCases.TCInfo"/>
  <testcase name="EditMyApplication" time="36.588" classname="com.s3.testCases.TCEditMyApplications"/>
  <testcase name="CopyMyApplication" time="16.65" classname="com.s3.testCases.TCCopyMyAppliction"/>
  <testcase name="DeleteMyApplication" time="19.197" classname="com.s3.testCases.TCDeleteMyApplication"/>
  <testcase name="addBannerEnrollmentModule" time="147.761" classname="com.s3.testCases.TCAddBannerEnrollmentModule"/>
  <testcase name="addPreDefinedWebModule" time="144.677" classname="com.s3.testCases.TCAddBillPayModule"/>
  <testcase name="addPreDefinedWebModule" time="145.155" classname="com.s3.testCases.TCAddBusScheduleModule"/>
  <testcase name="addPreDefinedWebModule" time="147.572" classname="com.s3.testCases.TCAddCampusJobModule"/>
  <testcase name="addPreDefinedWebModule" time="147.233" classname="com.s3.testCases.TCAddD2LModule"/>
  <testcase name="addPreDefinedWebModule" time="147.562" classname="com.s3.testCases.TCAddFacebookModule"/>
  <testcase name="addPreDefinedWebModule" time="148.713" classname="com.s3.testCases.TCAddFinancialAidModule"/>
  <testcase name="addPreDefinedWebModule" time="148.355" classname="com.s3.testCases.TCAddHoldsModule"/>
  <testcase name="addPreDefinedWebModule" time="149.386" classname="com.s3.testCases.TCAddLibraryModule"/>
  <testcase name="addPreDefinedWebModule" time="148.933" classname="com.s3.testCases.TCAddTwitterModule"/>
  <testcase name="deleteModule" time="27.129" classname="com.s3.testCases.TCDeleteAddedModule">
    <failure type="java.lang.AssertionError" message="expected [true] but found [false]">
      <![CDATA[java.lang.AssertionError: expected [true] but found [false]
	at com.s3.testCases.TCDeleteAddedModule.deleteModule(TCDeleteAddedModule.java:71)
... Removed 28 stack frames]]>
    </failure>
  </testcase> <!-- deleteModule -->
  <testcase name="deleteModule" time="43.936" classname="com.s3.testCases.TCDeleteAddedModule"/>
  <testcase name="addDashboardModule" time="95.985" classname="com.s3.testCases.TCAddDashboardModule">
    <failure type="java.lang.AssertionError" message="expected [true] but found [false]">
      <![CDATA[java.lang.AssertionError: expected [true] but found [false]
	at com.s3.testCases.TCAddDashboardModule.addDashboardModule(TCAddDashboardModule.java:80)
... Removed 28 stack frames]]>
    </failure>
  </testcase> <!-- addDashboardModule -->
  <testcase name="addDashboardModule" time="74.34" classname="com.s3.testCases.TCAddDashboardModule"/>
  <testcase name="ReportSend" time="5.421" classname="com.s3.utility.SendSmokeReport"/>
</testsuite> <!-- Test -->
